[debug] [2022-07-19T14:54:59.990Z] ----------------------------------------------------------------------
[debug] [2022-07-19T14:54:59.993Z] Command:       C:\Program Files\nodejs\node.exe C:\Users\Vadim.DESKTOP-MKPOMPM\AppData\Roaming\npm\node_modules\firebase-tools\lib\bin\firebase.js emulators:start --only auth --project fir-auth-93a4f
[debug] [2022-07-19T14:54:59.994Z] CLI Version:   11.2.2
[debug] [2022-07-19T14:54:59.994Z] Platform:      win32
[debug] [2022-07-19T14:54:59.995Z] Node Version:  v16.14.0
[debug] [2022-07-19T14:54:59.996Z] Time:          Tue Jul 19 2022 17:54:59 GMT+0300 (Москва, стандартное время)
[debug] [2022-07-19T14:54:59.996Z] ----------------------------------------------------------------------
[debug] 
[debug] [2022-07-19T14:55:00.013Z] > command requires scopes: ["email","openid","https://www.googleapis.com/auth/cloudplatformprojects.readonly","https://www.googleapis.com/auth/firebase","https://www.googleapis.com/auth/cloud-platform"]
[debug] Failed to authenticate, have you run firebase login?
[warn] !  emulators: You are not currently authenticated so some features may not work correctly. Please run firebase login to authenticate the CLI. 
[warn] !  Could not find config (firebase.json) so using defaults. 
[info] i  emulators: Starting emulators: auth {"metadata":{"emulator":{"name":"hub"},"message":"Starting emulators: auth"}}
[debug] [2022-07-19T14:55:00.091Z] [hub] writing locator at C:\Users\VADIM~1.DES\AppData\Local\Temp\hub-fir-auth-93a4f.json
[warn] !  ui: Emulator UI unable to start on port 4000, starting on 4001 instead. {"metadata":{"emulator":{"name":"ui"},"message":"Emulator UI unable to start on port 4000, starting on 4001 instead."}}
[debug] [2022-07-19T14:55:17.286Z] Ignoring unsupported arg: auto_download {"metadata":{"emulator":{"name":"ui"},"message":"Ignoring unsupported arg: auto_download"}}
[debug] [2022-07-19T14:55:17.287Z] Ignoring unsupported arg: port {"metadata":{"emulator":{"name":"ui"},"message":"Ignoring unsupported arg: port"}}
[debug] [2022-07-19T14:55:17.287Z] Starting Emulator UI with command {"binary":"node","args":["C:\\Users\\Vadim.DESKTOP-MKPOMPM\\.cache\\firebase\\emulators\\ui-v1.7.0\\server.bundle.js"],"optionalArgs":[],"joinArgs":false} {"metadata":{"emulator":{"name":"ui"},"message":"Starting Emulator UI with command {\"binary\":\"node\",\"args\":[\"C:\\\\Users\\\\Vadim.DESKTOP-MKPOMPM\\\\.cache\\\\firebase\\\\emulators\\\\ui-v1.7.0\\\\server.bundle.js\"],\"optionalArgs\":[],\"joinArgs\":false}"}}
[info] i  ui: Emulator UI logging to ui-debug.log {"metadata":{"emulator":{"name":"ui"},"message":"Emulator UI logging to \u001b[1mui-debug.log\u001b[22m"}}
[debug] [2022-07-19T14:55:17.501Z] Web / API server started at localhost:4001
 {"metadata":{"emulator":{"name":"ui"},"message":"Web / API server started at localhost:4001\n"}}
[info] 
┌─────────────────────────────────────────────────────────────┐
│ ✔  All emulators ready! It is now safe to connect your app. │
│ i  View Emulator UI at http://localhost:4001                │
└─────────────────────────────────────────────────────────────┘

┌────────────────┬────────────────┬────────────────────────────┐
│ Emulator       │ Host:Port      │ View in Emulator UI        │
├────────────────┼────────────────┼────────────────────────────┤
│ Authentication │ localhost:9099 │ http://localhost:4001/auth │
└────────────────┴────────────────┴────────────────────────────┘
  Emulator Hub running at localhost:4400
  Other reserved ports: 4500

Issues? Report them at https://github.com/firebase/firebase-tools/issues and attach the *-debug.log files.
 
